2024-09-26 16:37:15,328 - my_logger - INFO - Extracting trips from basicos_distritos_viajes_202202
2024-09-26 16:37:15,328 - my_logger - INFO - Timeframe of study: week
2024-09-26 16:37:15,328 - my_logger - INFO - Days of interest: [6, 7, 8, 9, 10]
2024-09-26 16:37:15,564 - my_logger - INFO - Shape of all viajes: (3182591, 15)
2024-09-26 16:37:15,564 - my_logger - INFO - Figures saved to: viajes/all_viajes_week_0222.csv
2024-09-26 16:37:15,737 - my_logger - INFO - Done!
2024-10-01 15:31:20,586 - my_logger - INFO - Extracting trips from basicos_distritos_viajes_202202
2024-10-01 15:31:20,588 - my_logger - INFO - Timeframe of study: week
2024-10-01 15:31:20,588 - my_logger - INFO - Days of interest: [6, 7, 8, 9, 10, 13, 14, 15, 16, 17]
2024-10-01 15:31:21,064 - my_logger - INFO - Shape of all viajes: (6427585, 15)
2024-10-01 16:13:09,557 - my_logger - INFO - Extracting trips from basicos_distritos_viajes_202203
2024-10-01 16:13:09,558 - my_logger - INFO - Timeframe of study: week
2024-10-01 16:13:09,559 - my_logger - INFO - Days of interest: [0, 1, 2, 3, 4, 5, 6, 7, 8, 9, 10, 11, 12, 13, 14, 15, 16, 17, 18, 19, 20, 21, 22, 23, 24, 25, 26, 27, 28, 29, 30]
2024-10-01 16:13:12,223 - my_logger - INFO - Shape of all viajes: (19900955, 15)
2024-10-01 16:14:08,100 - my_logger - INFO - Figures saved to: viajes/all_viajes_month_0322.csv
2024-10-01 16:14:09,368 - my_logger - INFO - Done!
2024-12-08 14:47:26,273 - my_logger - INFO - Extracting trips from basicos_distritos_viajes_202203
2024-12-08 14:47:26,274 - my_logger - INFO - Timeframe of study: month
2024-12-08 14:47:26,274 - my_logger - INFO - Days of interest: [0, 1, 2, 3, 4, 5, 6, 7]
2024-12-08 14:47:26,678 - my_logger - INFO - Shape of all viajes: (5202336, 15)
2024-12-08 14:47:40,203 - my_logger - INFO - Figures saved to: viajes/all_viajes_week_0322.csv
2024-12-08 14:47:40,444 - my_logger - INFO - Done!
2024-12-08 20:31:15,069 - my_logger - INFO - Extracting trips from basicos_distritos_viajes_202203
2024-12-08 20:31:15,072 - my_logger - INFO - Timeframe of study: two_weeks
2024-12-08 20:31:15,072 - my_logger - INFO - Days of interest: [0, 1, 2, 3, 4, 5, 6, 7, 8, 9, 10, 11, 12, 13]
2024-12-08 20:31:15,808 - my_logger - INFO - Shape of all viajes: (8972891, 15)
2024-12-08 20:31:38,889 - my_logger - INFO - Figures saved to:/Users/caro/Desktop/thesis_project/mobility_data/VIAJES / viajes_two_week_0322.csv
2024-12-08 20:31:39,319 - my_logger - INFO - Done!
2024-12-08 20:53:23,303 - my_logger - INFO - Extracting trips from basicos_distritos_viajes_202203
2024-12-08 20:53:23,307 - my_logger - INFO - Timeframe of study: week
2024-12-08 20:53:23,307 - my_logger - INFO - Days of interest: [0, 1, 2, 3, 4, 5, 6]
2024-12-08 20:53:23,666 - my_logger - INFO - Shape of all viajes: (4525855, 15)
2024-12-08 20:53:35,223 - my_logger - INFO - Figures saved to:/Users/caro/Desktop/thesis_project/mobility_data/VIAJES / viajes_two_week_0322.csv
2024-12-08 20:53:35,439 - my_logger - INFO - Done!
2024-12-08 21:30:06,234 - my_logger - INFO - Extracting trips from basicos_distritos_viajes_202203
2024-12-08 21:30:06,235 - my_logger - INFO - Timeframe of study: two_weeks
2024-12-08 21:30:06,235 - my_logger - INFO - Days of interest: [0, 1, 2, 3, 4, 5, 6, 7, 8, 9, 10, 11, 12, 13]
2024-12-08 21:30:06,947 - my_logger - INFO - Shape of all viajes: (8972891, 15)
2024-12-08 21:46:17,601 - my_logger - INFO - Extracting trips from basicos_distritos_viajes_202203
2024-12-08 21:46:17,602 - my_logger - INFO - Timeframe of study: two_weeks
2024-12-08 21:46:17,603 - my_logger - INFO - Days of interest: [0, 1, 2, 3, 4, 5, 6, 7, 8, 9, 10, 11, 12, 13]
2024-12-08 21:46:18,314 - my_logger - INFO - Shape of all viajes: (8972891, 15)
2024-12-08 21:46:40,768 - my_logger - INFO - Figures saved to:/Users/caro/Desktop/thesis_project/mobility_data/VIAJES / viajes_two_weeks_0322.csv
2024-12-08 21:46:41,184 - my_logger - INFO - Done!
2024-12-08 21:49:57,811 - my_logger - INFO - Extracting trips from basicos_distritos_viajes_202203
2024-12-08 21:49:57,812 - my_logger - INFO - Timeframe of study: week
2024-12-08 21:49:57,812 - my_logger - INFO - Days of interest: [0, 1, 2, 3, 4, 5, 6]
2024-12-08 21:49:58,120 - my_logger - INFO - Shape of all viajes: (4525855, 15)
2024-12-08 21:50:09,570 - my_logger - INFO - Figures saved to:/Users/caro/Desktop/thesis_project/mobility_data/VIAJES / viajes_week_0322.csv
2024-12-08 21:50:09,792 - my_logger - INFO - Done!
2024-12-09 17:01:46,980 - my_logger - INFO - Extracting trips from basicos_distritos_viajes_202203
2024-12-09 17:01:46,981 - my_logger - INFO - Timeframe of study: week
2024-12-09 17:01:46,981 - my_logger - INFO - Days of interest: [0, 1]
2024-12-09 17:01:47,066 - my_logger - INFO - Shape of all viajes: (1361784, 15)
2024-12-09 17:01:50,619 - my_logger - INFO - Figures saved to:/Users/caro/Desktop/thesis_project/mobility_data/VIAJES / viajes_week_0322.csv
2024-12-09 17:01:50,681 - my_logger - INFO - Done!
2024-12-09 21:54:30,279 - my_logger - INFO - Extracting trips from basicos_distritos_viajes_202203
2024-12-09 21:54:30,281 - my_logger - INFO - Timeframe of study: week
2024-12-09 21:54:30,281 - my_logger - INFO - Days of interest: [0, 1]
2024-12-09 21:54:30,366 - my_logger - INFO - Shape of all viajes: (1361784, 15)
2024-12-09 21:54:34,093 - my_logger - INFO - Figures saved to:/Users/caro/Desktop/thesis_project/mobility_data/VIAJES / viajes_week_0322.csv
2024-12-09 21:54:34,157 - my_logger - INFO - Done!
2024-12-09 22:00:48,748 - my_logger - INFO - Extracting trips from basicos_distritos_viajes_202203
2024-12-09 22:00:48,750 - my_logger - INFO - Timeframe of study: week
2024-12-09 22:00:48,750 - my_logger - INFO - Days of interest: [0, 1]
2024-12-09 22:00:48,837 - my_logger - INFO - Shape of all viajes: (1361784, 15)
2024-12-09 22:00:52,916 - my_logger - INFO - Figures saved to:/Users/caro/Desktop/thesis_project/mobility_data/VIAJES / viajes_week_0322.csv
2024-12-09 22:00:52,977 - my_logger - INFO - Done!
2024-12-10 00:14:40,436 - my_logger - INFO - Extracting trips from basicos_distritos_viajes_202203
2024-12-10 00:14:40,438 - my_logger - INFO - Timeframe of study: weekend
2024-12-10 00:14:40,438 - my_logger - INFO - Days of interest: [7, 8]
2024-12-10 00:14:40,525 - my_logger - INFO - Shape of all viajes: (1367795, 15)
2024-12-10 00:14:44,143 - my_logger - INFO - Figures saved to:/Users/caro/Desktop/thesis_project/mobility_data/VIAJES / viajes_weekend_0322.csv
2024-12-10 00:14:44,208 - my_logger - INFO - Done!
2024-12-10 00:26:18,618 - my_logger - INFO - Extracting trips from basicos_distritos_viajes_202203
2024-12-10 00:26:18,619 - my_logger - INFO - Timeframe of study: two_weeks
2024-12-10 00:26:18,619 - my_logger - INFO - Days of interest: [0, 1, 2, 3, 4, 5, 6, 7, 8, 9, 10, 11, 12, 13]
2024-12-10 00:26:19,335 - my_logger - INFO - Shape of all viajes: (8972891, 15)
2024-12-10 00:26:41,997 - my_logger - INFO - Figures saved to:/Users/caro/Desktop/thesis_project/mobility_data/VIAJES / viajes_two_weeks_0322.csv
2024-12-10 00:26:42,414 - my_logger - INFO - Done!
2024-12-10 01:33:44,886 - my_logger - INFO - Extracting trips from basicos_distritos_viajes_202203
2024-12-10 01:33:44,888 - my_logger - INFO - Timeframe of study: weekend
2024-12-10 01:33:44,889 - my_logger - INFO - Days of interest: [24, 25, 26, 27, 28, 29, 30]
2024-12-10 01:33:45,226 - my_logger - INFO - Shape of all viajes: (4534815, 15)
2024-12-10 01:33:56,711 - my_logger - INFO - Figures saved to:/Users/caro/Desktop/thesis_project/mobility_data/VIAJES / viajes_weekend_0322.csv
2024-12-10 01:33:56,917 - my_logger - INFO - Done!
