2024-09-26 16:22:19,314 - my_logger - INFO - In this script, I plot income quantiles and calculate different Morans I statistics in the city of Madrid for income data from 2021.
2024-09-26 16:22:19,314 - my_logger - INFO - The variables for which income quantiles and Morans I statistics are calculared are: ['Media de la renta por unidad de consumo', 'Mediana de la renta por unidad de consumo', 'Renta bruta media por hogar', 'Renta bruta media por persona', 'Renta neta media por hogar', 'Renta neta media por persona ']
2024-09-26 16:22:19,314 - my_logger - INFO - Figures path: /Users/caro/Desktop/thesis_project/segregation_indices/figures/week
2024-09-26 16:22:19,314 - my_logger - INFO - Reading the data...
2024-09-26 16:22:19,355 - my_logger - INFO - Plotting income quantiles for ['Media de la renta por unidad de consumo', 'Mediana de la renta por unidad de consumo', 'Renta bruta media por hogar', 'Renta bruta media por persona', 'Renta neta media por hogar', 'Renta neta media por persona ']...
2024-09-26 16:22:20,460 - my_logger - INFO - Income quantiles for ['Media de la renta por unidad de consumo', 'Mediana de la renta por unidad de consumo', 'Renta bruta media por hogar', 'Renta bruta media por persona', 'Renta neta media por hogar', 'Renta neta media por persona '] saved!
2024-09-26 16:22:20,460 - my_logger - INFO - Calculating spatial weights...
2024-09-26 16:22:20,544 - my_logger - INFO - Contiguity weights saved!
2024-09-26 16:22:20,544 - my_logger - INFO - Calculating Morans I statistics for the different variables of interest: ['Media de la renta por unidad de consumo', 'Mediana de la renta por unidad de consumo', 'Renta bruta media por hogar', 'Renta bruta media por persona', 'Renta neta media por hogar', 'Renta neta media por persona ']...
2024-09-26 16:22:20,625 - my_logger - INFO - Morans I statistics for ['Media de la renta por unidad de consumo', 'Mediana de la renta por unidad de consumo', 'Renta bruta media por hogar', 'Renta bruta media por persona', 'Renta neta media por hogar', 'Renta neta media por persona '] saved as a dataframe!
2024-09-26 16:22:20,625 - my_logger - INFO - Building and plotting Local Morans I...
2024-09-26 16:22:20,741 - my_logger - INFO - Local Morans I maps for ['Media de la renta por unidad de consumo', 'Mediana de la renta por unidad de consumo', 'Renta bruta media por hogar', 'Renta bruta media por persona', 'Renta neta media por hogar', 'Renta neta media por persona '] saved!
2024-09-26 16:22:20,741 - my_logger - INFO - Building and plotting Morans Plot...
2024-09-26 16:22:20,819 - my_logger - INFO - Morans Plot for ['Media de la renta por unidad de consumo', 'Mediana de la renta por unidad de consumo', 'Renta bruta media por hogar', 'Renta bruta media por persona', 'Renta neta media por hogar', 'Renta neta media por persona '] saved!
2024-09-26 16:22:20,819 - my_logger - INFO - Done!
2024-09-28 15:56:04,905 - my_logger - INFO - In this script, I plot income quantiles and calculate different Morans I statistics in the city of Madrid for income data from 2021.
2024-09-28 15:56:04,906 - my_logger - INFO - The variables for which income quantiles and Morans I statistics are calculared are: ['Media de la renta por unidad de consumo', 'Mediana de la renta por unidad de consumo', 'Renta bruta media por hogar', 'Renta bruta media por persona', 'Renta neta media por hogar', 'Renta neta media por persona ']
2024-09-28 15:56:04,906 - my_logger - INFO - Figures path: /Users/caro/Desktop/thesis_project/segregation_indices/figures/morans
2024-09-28 15:56:04,906 - my_logger - INFO - Reading the data...
2024-09-28 15:56:04,950 - my_logger - INFO - Calculating spatial weights...
2024-09-28 15:56:05,527 - my_logger - INFO - Contiguity weights saved!
2024-09-28 15:56:05,527 - my_logger - INFO - Calculating Global Morans I statistics for the different variables of interest: ['Media de la renta por unidad de consumo', 'Mediana de la renta por unidad de consumo', 'Renta bruta media por hogar', 'Renta bruta media por persona', 'Renta neta media por hogar', 'Renta neta media por persona ']...
2024-09-28 15:56:07,543 - my_logger - INFO - Local Morans I statistics for ['Media de la renta por unidad de consumo', 'Mediana de la renta por unidad de consumo', 'Renta bruta media por hogar', 'Renta bruta media por persona', 'Renta neta media por hogar', 'Renta neta media por persona '] saved as a dataframe!
2024-09-28 15:56:07,543 - my_logger - INFO - Building and plotting Local Morans I...
2024-09-28 15:56:57,463 - my_logger - INFO - In this script, I plot income quantiles and calculate different Morans I statistics in the city of Madrid for income data from 2021.
2024-09-28 15:56:57,464 - my_logger - INFO - The variables for which income quantiles and Morans I statistics are calculared are: ['Media de la renta por unidad de consumo', 'Mediana de la renta por unidad de consumo', 'Renta bruta media por hogar', 'Renta bruta media por persona', 'Renta neta media por hogar', 'Renta neta media por persona ']
2024-09-28 15:56:57,464 - my_logger - INFO - Figures path: /Users/caro/Desktop/thesis_project/segregation_indices/figures/morans
2024-09-28 15:56:57,464 - my_logger - INFO - Reading the data...
2024-09-28 15:56:57,506 - my_logger - INFO - Calculating spatial weights...
2024-09-28 15:56:57,932 - my_logger - INFO - Contiguity weights saved!
2024-09-28 15:56:57,932 - my_logger - INFO - Calculating Global Morans I statistics for the different variables of interest: ['Media de la renta por unidad de consumo', 'Mediana de la renta por unidad de consumo', 'Renta bruta media por hogar', 'Renta bruta media por persona', 'Renta neta media por hogar', 'Renta neta media por persona ']...
2024-09-28 15:56:59,921 - my_logger - INFO - Local Morans I statistics for ['Media de la renta por unidad de consumo', 'Mediana de la renta por unidad de consumo', 'Renta bruta media por hogar', 'Renta bruta media por persona', 'Renta neta media por hogar', 'Renta neta media por persona '] saved as a dataframe!
2024-09-28 15:56:59,921 - my_logger - INFO - Building and plotting Local Morans I...
2024-09-28 15:58:31,703 - my_logger - INFO - In this script, I plot income quantiles and calculate different Morans I statistics in the city of Madrid for income data from 2021.
2024-09-28 15:58:31,703 - my_logger - INFO - The variables for which income quantiles and Morans I statistics are calculared are: ['Media de la renta por unidad de consumo', 'Mediana de la renta por unidad de consumo', 'Renta bruta media por hogar', 'Renta bruta media por persona', 'Renta neta media por hogar', 'Renta neta media por persona ']
2024-09-28 15:58:31,703 - my_logger - INFO - Figures path: /Users/caro/Desktop/thesis_project/segregation_indices/figures/morans
2024-09-28 15:58:31,703 - my_logger - INFO - Reading the data...
2024-09-28 15:58:31,747 - my_logger - INFO - Calculating spatial weights...
2024-09-28 15:58:32,151 - my_logger - INFO - Contiguity weights saved!
2024-09-28 15:58:32,151 - my_logger - INFO - Calculating Global Morans I statistics for the different variables of interest: ['Media de la renta por unidad de consumo', 'Mediana de la renta por unidad de consumo', 'Renta bruta media por hogar', 'Renta bruta media por persona', 'Renta neta media por hogar', 'Renta neta media por persona ']...
2024-09-28 15:58:34,120 - my_logger - INFO - Local Morans I statistics for ['Media de la renta por unidad de consumo', 'Mediana de la renta por unidad de consumo', 'Renta bruta media por hogar', 'Renta bruta media por persona', 'Renta neta media por hogar', 'Renta neta media por persona '] saved as a dataframe!
2024-09-28 15:58:34,120 - my_logger - INFO - Building and plotting Local Morans I...
2024-09-28 15:58:35,325 - my_logger - INFO - Local Morans I maps for ['Media de la renta por unidad de consumo', 'Mediana de la renta por unidad de consumo', 'Renta bruta media por hogar', 'Renta bruta media por persona', 'Renta neta media por hogar', 'Renta neta media por persona '] saved!
2024-09-28 15:58:35,325 - my_logger - INFO - Building and plotting Morans Plot...
2024-09-28 15:58:36,638 - my_logger - INFO - Morans Plot for ['Media de la renta por unidad de consumo', 'Mediana de la renta por unidad de consumo', 'Renta bruta media por hogar', 'Renta bruta media por persona', 'Renta neta media por hogar', 'Renta neta media por persona '] saved!
2024-09-28 15:58:36,638 - my_logger - INFO - Done!
2024-09-29 11:45:12,508 - my_logger - INFO - In this script, I plot income quantiles and calculate different Morans I statistics in the city of Madrid for income data from 2021.
2024-09-29 11:45:12,509 - my_logger - INFO - The variables for which income quantiles and Morans I statistics are calculared are: ['Media de la renta por unidad de consumo', 'Mediana de la renta por unidad de consumo', 'Renta bruta media por hogar', 'Renta bruta media por persona', 'Renta neta media por hogar', 'Renta neta media por persona ']
2024-09-29 11:45:12,509 - my_logger - INFO - Figures path: /Users/caro/Desktop/thesis_project/segregation_indices/figures/morans
2024-09-29 11:45:12,509 - my_logger - INFO - Reading the data...
2024-09-29 11:45:12,580 - my_logger - INFO - Calculating spatial weights...
2024-09-29 11:45:12,992 - my_logger - INFO - Contiguity weights saved!
2024-09-29 11:45:12,992 - my_logger - INFO - Calculating Global Morans I statistics for the different variables of interest: ['Media de la renta por unidad de consumo', 'Mediana de la renta por unidad de consumo', 'Renta bruta media por hogar', 'Renta bruta media por persona', 'Renta neta media por hogar', 'Renta neta media por persona ']...
2024-09-29 11:45:14,964 - my_logger - INFO - Local Morans I statistics for ['Media de la renta por unidad de consumo', 'Mediana de la renta por unidad de consumo', 'Renta bruta media por hogar', 'Renta bruta media por persona', 'Renta neta media por hogar', 'Renta neta media por persona '] saved as a dataframe!
2024-09-29 11:45:14,965 - my_logger - INFO - Building and plotting Local Morans I...
2024-09-29 11:45:16,217 - my_logger - INFO - Local Morans I maps for ['Media de la renta por unidad de consumo', 'Mediana de la renta por unidad de consumo', 'Renta bruta media por hogar', 'Renta bruta media por persona', 'Renta neta media por hogar', 'Renta neta media por persona '] saved!
2024-09-29 11:45:16,217 - my_logger - INFO - Building and plotting Morans Plot...
2024-09-29 11:45:17,586 - my_logger - INFO - Morans Plot for ['Media de la renta por unidad de consumo', 'Mediana de la renta por unidad de consumo', 'Renta bruta media por hogar', 'Renta bruta media por persona', 'Renta neta media por hogar', 'Renta neta media por persona '] saved!
2024-09-29 11:45:17,586 - my_logger - INFO - Done!
